<?xml version="1.0" encoding="UTF-8"?>
<!-- Generated by org.testng.reporters.JUnitXMLReporter -->
<testsuite hostname="DESKTOP-AU4MO5H" ignored="0" name="Default test" tests="6" failures="0" timestamp="26 Apr 2020 15:01:28 GMT" time="8.162" errors="0">
  <testcase name="Dresstab" time="3.286" classname="com.app.test.HomePageTest"/>
  <testcase name="SizeCheck" time="0.171" classname="com.app.test.HomePageTest"/>
  <testcase name="TshCheck" time="1.957" classname="com.app.test.HomePageTest"/>
  <testcase name="VerifyTab" time="0.113" classname="com.app.test.HomePageTest"/>
  <testcase name="WomenTab" time="2.308" classname="com.app.test.HomePageTest"/>
  <testcase name="verifyCount" time="0.208" classname="com.app.test.HomePageTest"/>
</testsuite> <!-- Default test -->
