<?xml version="1.0" encoding="UTF-8"?>
<!-- Generated by org.testng.reporters.JUnitXMLReporter -->
<testsuite hostname="DESKTOP-AU4MO5H" name="Test" tests="6" failures="0" timestamp="9 May 2020 12:32:13 GMT" time="16.415" errors="0">
  <testcase name="Dresstab" time="10.758" classname="com.app.test.HomePageTest"/>
  <testcase name="SizeCheck" time="0.153" classname="com.app.test.HomePageTest"/>
  <testcase name="TshCheck" time="2.795" classname="com.app.test.HomePageTest"/>
  <testcase name="VerifyTab" time="0.122" classname="com.app.test.HomePageTest"/>
  <testcase name="WomenTab" time="2.38" classname="com.app.test.HomePageTest"/>
  <testcase name="verifyCount" time="0.176" classname="com.app.test.HomePageTest"/>
</testsuite> <!-- Test -->
