<?xml version="1.0" encoding="UTF-8"?>
<testng-results skipped="0" failed="0" total="6" passed="6">
  <reporter-output>
  </reporter-output>
  <suite name="Suite" duration-ms="16415" started-at="2020-05-09T12:31:56Z" finished-at="2020-05-09T12:32:12Z">
    <groups>
    </groups>
    <test name="Test" duration-ms="16415" started-at="2020-05-09T12:31:56Z" finished-at="2020-05-09T12:32:12Z">
      <class name="com.app.test.HomePageTest">
        <test-method status="PASS" signature="Dresstab()[pri:0, instance:com.app.test.HomePageTest@6a6afff2]" name="Dresstab" duration-ms="10758" started-at="2020-05-09T18:01:56Z" finished-at="2020-05-09T18:02:06Z">
          <reporter-output>
          </reporter-output>
        </test-method> <!-- Dresstab -->
        <test-method status="PASS" signature="SizeCheck()[pri:0, instance:com.app.test.HomePageTest@6a6afff2]" name="SizeCheck" duration-ms="153" started-at="2020-05-09T18:02:06Z" finished-at="2020-05-09T18:02:06Z">
          <reporter-output>
          </reporter-output>
        </test-method> <!-- SizeCheck -->
        <test-method status="PASS" signature="TshCheck()[pri:0, instance:com.app.test.HomePageTest@6a6afff2]" name="TshCheck" duration-ms="2795" started-at="2020-05-09T18:02:06Z" finished-at="2020-05-09T18:02:09Z">
          <reporter-output>
          </reporter-output>
        </test-method> <!-- TshCheck -->
        <test-method status="PASS" signature="VerifyTab()[pri:0, instance:com.app.test.HomePageTest@6a6afff2]" name="VerifyTab" duration-ms="122" started-at="2020-05-09T18:02:09Z" finished-at="2020-05-09T18:02:09Z">
          <reporter-output>
          </reporter-output>
        </test-method> <!-- VerifyTab -->
        <test-method status="PASS" signature="WomenTab()[pri:0, instance:com.app.test.HomePageTest@6a6afff2]" name="WomenTab" duration-ms="2380" started-at="2020-05-09T18:02:09Z" finished-at="2020-05-09T18:02:12Z">
          <reporter-output>
          </reporter-output>
        </test-method> <!-- WomenTab -->
        <test-method status="PASS" signature="verifyCount()[pri:0, instance:com.app.test.HomePageTest@6a6afff2]" name="verifyCount" duration-ms="176" started-at="2020-05-09T18:02:12Z" finished-at="2020-05-09T18:02:12Z">
          <reporter-output>
          </reporter-output>
        </test-method> <!-- verifyCount -->
      </class> <!-- com.app.test.HomePageTest -->
    </test> <!-- Test -->
  </suite> <!-- Suite -->
</testng-results>
