<?xml version="1.0" encoding="UTF-8"?>
<testng-results skipped="0" failed="0" ignored="0" total="6" passed="6">
  <reporter-output>
  </reporter-output>
  <suite name="Default suite" duration-ms="8162" started-at="2020-04-26T15:01:19Z" finished-at="2020-04-26T15:01:27Z">
    <groups>
    </groups>
    <test name="Default test" duration-ms="8162" started-at="2020-04-26T15:01:19Z" finished-at="2020-04-26T15:01:27Z">
      <class name="com.app.test.HomePageTest">
        <test-method status="PASS" signature="Dresstab()[pri:0, instance:com.app.test.HomePageTest@26d9b808]" name="Dresstab" duration-ms="3286" started-at="2020-04-26T20:31:19Z" finished-at="2020-04-26T20:31:23Z">
          <reporter-output>
          </reporter-output>
        </test-method> <!-- Dresstab -->
        <test-method status="PASS" signature="SizeCheck()[pri:0, instance:com.app.test.HomePageTest@26d9b808]" name="SizeCheck" duration-ms="171" started-at="2020-04-26T20:31:23Z" finished-at="2020-04-26T20:31:23Z">
          <reporter-output>
          </reporter-output>
        </test-method> <!-- SizeCheck -->
        <test-method status="PASS" signature="TshCheck()[pri:0, instance:com.app.test.HomePageTest@26d9b808]" name="TshCheck" duration-ms="1957" started-at="2020-04-26T20:31:23Z" finished-at="2020-04-26T20:31:25Z">
          <reporter-output>
          </reporter-output>
        </test-method> <!-- TshCheck -->
        <test-method status="PASS" signature="VerifyTab()[pri:0, instance:com.app.test.HomePageTest@26d9b808]" name="VerifyTab" duration-ms="113" started-at="2020-04-26T20:31:25Z" finished-at="2020-04-26T20:31:25Z">
          <reporter-output>
          </reporter-output>
        </test-method> <!-- VerifyTab -->
        <test-method status="PASS" signature="WomenTab()[pri:0, instance:com.app.test.HomePageTest@26d9b808]" name="WomenTab" duration-ms="2308" started-at="2020-04-26T20:31:25Z" finished-at="2020-04-26T20:31:27Z">
          <reporter-output>
          </reporter-output>
        </test-method> <!-- WomenTab -->
        <test-method status="PASS" signature="verifyCount()[pri:0, instance:com.app.test.HomePageTest@26d9b808]" name="verifyCount" duration-ms="208" started-at="2020-04-26T20:31:27Z" finished-at="2020-04-26T20:31:27Z">
          <reporter-output>
          </reporter-output>
        </test-method> <!-- verifyCount -->
      </class> <!-- com.app.test.HomePageTest -->
    </test> <!-- Default test -->
  </suite> <!-- Default suite -->
</testng-results>
